2024/05/11 20:12:50 (root): Started On DEBUG Mode.
2024/05/11 20:12:50 (root): Creating QApplication...
2024/05/11 20:12:50 (root): Setting up application properties...
2024/05/11 20:12:50 (root): System tray icon feature is DISABLED
2024/05/11 20:12:50 (root): Creating the main window...
2024/05/11 20:12:50 (window): Setting up configuration manager...
2024/05/11 20:12:50 (config): Loading config files...
2024/05/11 20:12:50 (config): Loading: ['internal.json', 'settings_metadata.json']
2024/05/11 20:12:50 (window): Setting up dynamic settings manager...
2024/05/11 20:12:50 (dynamic_settings): Syncing settings and metadata...
2024/05/11 20:12:50 (window): Setting up themes manager...
2024/05/11 20:12:50 (themes): Loading Fonts...
2024/05/11 20:12:50 (themes): 'AuxMono-Regular.ttf' loaded !
2024/05/11 20:12:50 (themes): Available themes: ['dark.qss', 'light.qss']
2024/05/11 20:12:50 (window): Setting up Ui...
2024/05/11 20:12:51 (window): Setting up window properties...
2024/05/11 20:12:51 (dynamic_settings): Generating dynamic settings...
2024/05/11 20:12:51 (themes): Theme switched to: 'dark'
2024/05/11 20:12:51 (window): Type Not Valid 'list' in Visualization Dashboard
2024/05/11 20:12:51 (root): Main window created and displayed.
2024/05/11 20:12:51 (root): Startup time: 727ms
2024/05/11 20:12:51 (root): Starting the app event loop...
2024/05/11 20:12:51 (connection): New ports detected: '['COM4']'
